<?xml version="1.0" encoding="UTF-8"?>
<robot generator="Robot 3.2.2 (Python 3.6.5 on win32)" generated="20210122 13:30:29.724" rpa="false">
<suite id="s1" name="Testrf" source="C:\Users\Cherblanc\Documents\TEST\test\testrf.robot">
<test id="s1-t1" name="Test1">
<kw name="Create File" library="OperatingSystem">
<doc>Creates a file with the given content and encoding.</doc>
<arguments>
<arg>C:/Users/Cherblanc/Documents/TEST/file.txt</arg>
</arguments>
<msg timestamp="20210122 13:30:29.766" level="INFO" html="yes">Created file '&lt;a href="file://C:\Users\Cherblanc\Documents\TEST\file.txt"&gt;C:\Users\Cherblanc\Documents\TEST\file.txt&lt;/a&gt;'.</msg>
<status status="PASS" starttime="20210122 13:30:29.765" endtime="20210122 13:30:29.766"></status>
</kw>
<doc>Google test</doc>
<status status="PASS" starttime="20210122 13:30:29.765" endtime="20210122 13:30:29.767" critical="yes"></status>
</test>
<status status="PASS" starttime="20210122 13:30:29.727" endtime="20210122 13:30:29.768"></status>
</suite>
<statistics>
<total>
<stat pass="1" fail="0">Critical Tests</stat>
<stat pass="1" fail="0">All Tests</stat>
</total>
<tag>
</tag>
<suite>
<stat pass="1" fail="0" id="s1" name="Testrf">Testrf</stat>
</suite>
</statistics>
<errors>
</errors>
</robot>
